#
# There is insufficient memory for the Java Runtime Environment to continue.
# Native memory allocation (malloc) failed to allocate 1048576 bytes for AllocateHeap
# Possible reasons:
#   The system is out of physical RAM or swap space
#   The process is running with CompressedOops enabled, and the Java Heap may be blocking the growth of the native heap
# Possible solutions:
#   Reduce memory load on the system
#   Increase physical memory or swap space
#   Check if swap backing store is full
#   Decrease Java heap size (-Xmx/-Xms)
#   Decrease number of Java threads
#   Decrease Java thread stack sizes (-Xss)
#   Set larger code cache with -XX:ReservedCodeCacheSize=
#   JVM is running with Unscaled Compressed Oops mode in which the Java heap is
#     placed in the first 4GB address space. The Java Heap base address is the
#     maximum limit for the native heap growth. Please use -XX:HeapBaseMinAddress
#     to set the Java Heap base and to place the Java Heap above 4GB virtual address.
# This output file may be truncated or incomplete.
#
#  Out of Memory Error (allocation.cpp:44), pid=21972, tid=14632
#
# JRE version:  (20.0.1+9) (build )
# Java VM: Java HotSpot(TM) 64-Bit Server VM (20.0.1+9-29, mixed mode, sharing, tiered, compressed oops, compressed class ptrs, g1 gc, windows-amd64)
# No core dump will be written. Minidumps are not enabled by default on client versions of Windows
#

---------------  S U M M A R Y ------------

Command Line: -Dfile.encoding=UTF-8 --module-path=C:\Users\ayush\Downloads\Employee-Management-System-master\Employee-Management-System-master\Employee-Management-System\build\classes employee.management.system.Login

Host: Intel(R) Core(TM) i5-1035G1 CPU @ 1.00GHz, 8 cores, 3G,  Windows 11 , 64 bit Build 22621 (10.0.22621.1635)
Time: Wed May 24 16:46:31 2023 India Standard Time elapsed time: 0.035891 seconds (0d 0h 0m 0s)

---------------  T H R E A D  ---------------

Current thread (0x00000210621b9700):  JavaThread "Unknown thread" [_thread_in_vm, id=14632, stack(0x0000007ea7d00000,0x0000007ea7e00000)]

Stack: [0x0000007ea7d00000,0x0000007ea7e00000]
Native frames: (J=compiled Java code, j=interpreted, Vv=VM code, C=native code)
V  [jvm.dll+0x6bb95a]
V  [jvm.dll+0x8485fa]
V  [jvm.dll+0x84a1f5]
V  [jvm.dll+0x84a8f3]
V  [jvm.dll+0x280b0f]
V  [jvm.dll+0xbcec5]
V  [jvm.dll+0x329165]
V  [jvm.dll+0x81128a]
V  [jvm.dll+0x3c0d91]
V  [jvm.dll+0x7fcfe3]
V  [jvm.dll+0x44c76f]
V  [jvm.dll+0x44e0e1]
C  [jli.dll+0x5287]
C  [ucrtbase.dll+0x29363]
C  [KERNEL32.DLL+0x126ad]
C  [ntdll.dll+0x5a9f8]


---------------  P R O C E S S  ---------------

Threads class SMR info:
_java_thread_list=0x00007ffc8d48a098, length=0, elements={
}

Java Threads: ( => current thread )

Other Threads:

=>0x00000210621b9700 (exited) JavaThread "Unknown thread" [_thread_in_vm, id=14632, stack(0x0000007ea7d00000,0x0000007ea7e00000)]

Threads with active compile tasks:

VM state: not at safepoint (not fully initialized)

VM Mutex/Monitor currently owned by a thread: None

Heap address: 0x0000000000000000, size: 0 MB, Compressed Oops mode: 32-bit

CDS archive(s) mapped at: [0x0000000000000000-0x0000000000000000-0x0000000000000000), size 0, SharedBaseAddress: 0x0000000800000000, ArchiveRelocationMode: 0.
Narrow klass base: 0x0000000000000000, Narrow klass shift: 0, Narrow klass range: 0x0

GC Precious Log:
 CardTable entry size: 512
 Card Set container configuration: InlinePtr #cards 5 size 8 Array Of Cards #cards 12 size 40 Howl #buckets 4 coarsen threshold 1843 Howl Bitmap #cards 512 size 80 coarsen threshold 460 Card regions per heap region 1 cards per card region 2048

GC Heap History (0 events):
No events

Dll operation events (1 events):
Event: 0.024 Loaded shared library C:\Program Files\Java\jdk-20\bin\java.dll

Deoptimization events (0 events):
No events

Classes loaded (0 events):
No events

Classes unloaded (0 events):
No events

Classes redefined (0 events):
No events

Internal exceptions (0 events):
No events

VM Operations (0 events):
No events

Events (0 events):
No events


Dynamic libraries:
0x00007ff6bfce0000 - 0x00007ff6bfcf0000 	C:\Program Files\Java\jdk-20\bin\java.exe
0x00007ffcfd230000 - 0x00007ffcfd444000 	C:\WINDOWS\SYSTEM32\ntdll.dll
0x00007ffcfc350000 - 0x00007ffcfc412000 	C:\WINDOWS\System32\KERNEL32.DLL
0x00007ffcfaaa0000 - 0x00007ffcfae43000 	C:\WINDOWS\System32\KERNELBASE.dll
0x00007ffcfaf10000 - 0x00007ffcfb021000 	C:\WINDOWS\System32\ucrtbase.dll
0x00007ffcbdfd0000 - 0x00007ffcbdfeb000 	C:\Program Files\Java\jdk-20\bin\VCRUNTIME140.dll
0x00007ffce4d50000 - 0x00007ffce4d69000 	C:\Program Files\Java\jdk-20\bin\jli.dll
0x00007ffcfd0f0000 - 0x00007ffcfd19e000 	C:\WINDOWS\System32\ADVAPI32.dll
0x00007ffcfc040000 - 0x00007ffcfc0e7000 	C:\WINDOWS\System32\msvcrt.dll
0x00007ffcfb730000 - 0x00007ffcfb7d4000 	C:\WINDOWS\System32\sechost.dll
0x00007ffcfc420000 - 0x00007ffcfc537000 	C:\WINDOWS\System32\RPCRT4.dll
0x00007ffcfb560000 - 0x00007ffcfb70b000 	C:\WINDOWS\System32\USER32.dll
0x00007ffcfa7e0000 - 0x00007ffcfa806000 	C:\WINDOWS\System32\win32u.dll
0x00007ffcdb2c0000 - 0x00007ffcdb54e000 	C:\WINDOWS\WinSxS\amd64_microsoft.windows.common-controls_6595b64144ccf1df_6.0.22621.1635_none_270f70857386168e\COMCTL32.dll
0x00007ffcfcdd0000 - 0x00007ffcfcdf9000 	C:\WINDOWS\System32\GDI32.dll
0x00007ffcfa810000 - 0x00007ffcfa928000 	C:\WINDOWS\System32\gdi32full.dll
0x00007ffcfa650000 - 0x00007ffcfa6ea000 	C:\WINDOWS\System32\msvcp_win.dll
0x00007ffcf0560000 - 0x00007ffcf056a000 	C:\WINDOWS\SYSTEM32\VERSION.dll
0x00007ffcfc9d0000 - 0x00007ffcfca01000 	C:\WINDOWS\System32\IMM32.DLL
0x00007ffcbdfb0000 - 0x00007ffcbdfbc000 	C:\Program Files\Java\jdk-20\bin\vcruntime140_1.dll
0x00007ffc8bb10000 - 0x00007ffc8bb9e000 	C:\Program Files\Java\jdk-20\bin\msvcp140.dll
0x00007ffc8c930000 - 0x00007ffc8d5c7000 	C:\Program Files\Java\jdk-20\bin\server\jvm.dll
0x00007ffcbdfc0000 - 0x00007ffcbdfc9000 	C:\WINDOWS\SYSTEM32\WSOCK32.dll
0x00007ffcf1cd0000 - 0x00007ffcf1d04000 	C:\WINDOWS\SYSTEM32\WINMM.dll
0x00007ffcfd070000 - 0x00007ffcfd0e1000 	C:\WINDOWS\System32\WS2_32.dll
0x00007ffcf9660000 - 0x00007ffcf9678000 	C:\WINDOWS\SYSTEM32\kernel.appcore.dll
0x00007ffcbdf30000 - 0x00007ffcbdf3a000 	C:\Program Files\Java\jdk-20\bin\jimage.dll
0x00007ffcf7ff0000 - 0x00007ffcf821e000 	C:\WINDOWS\SYSTEM32\DBGHELP.DLL
0x00007ffcfc550000 - 0x00007ffcfc8d9000 	C:\WINDOWS\System32\combase.dll
0x00007ffcfce00000 - 0x00007ffcfced7000 	C:\WINDOWS\System32\OLEAUT32.dll
0x00007ffcde190000 - 0x00007ffcde1c2000 	C:\WINDOWS\SYSTEM32\dbgcore.DLL
0x00007ffcfa760000 - 0x00007ffcfa7db000 	C:\WINDOWS\System32\bcryptPrimitives.dll
0x00007ffcbdf40000 - 0x00007ffcbdf66000 	C:\Program Files\Java\jdk-20\bin\java.dll

dbghelp: loaded successfully - version: 4.0.5 - missing functions: none
symbol engine: initialized successfully - sym options: 0x614 - pdb path: .;C:\Program Files\Java\jdk-20\bin;C:\WINDOWS\SYSTEM32;C:\WINDOWS\WinSxS\amd64_microsoft.windows.common-controls_6595b64144ccf1df_6.0.22621.1635_none_270f70857386168e;C:\Program Files\Java\jdk-20\bin\server

VM Arguments:
jvm_args: -Dfile.encoding=UTF-8 --module-path=C:\Users\ayush\Downloads\Employee-Management-System-master\Employee-Management-System-master\Employee-Management-System\build\classes 
java_command: employee.management.system.Login
java_class_path (initial): C:\Users\ayush\OneDrive\Documents\mysql-connector-java-8.0.28.jar;C:\Users\ayush\OneDrive\Documents\jcalendar-tz-1.3.3-4.jar;C:\Users\ayush\OneDrive\Documents\rs2xml.jar;C:\Users\ayush\Downloads\Employee-Management-System-master\Employee-Management-System-master\Employee-Management-System\build\classes
Launcher Type: SUN_STANDARD

[Global flags]
     intx CICompilerCount                          = 4                                         {product} {ergonomic}
     uint ConcGCThreads                            = 2                                         {product} {ergonomic}
     uint G1ConcRefinementThreads                  = 8                                         {product} {ergonomic}
   size_t G1HeapRegionSize                         = 1048576                                   {product} {ergonomic}
    uintx GCDrainStackTargetSize                   = 64                                        {product} {ergonomic}
   size_t InitialHeapSize                          = 65011712                                  {product} {ergonomic}
   size_t MarkStackSize                            = 4194304                                   {product} {ergonomic}
   size_t MaxHeapSize                              = 1012924416                                {product} {ergonomic}
   size_t MinHeapDeltaBytes                        = 1048576                                   {product} {ergonomic}
   size_t MinHeapSize                              = 8388608                                   {product} {ergonomic}
    uintx NonNMethodCodeHeapSize                   = 5839372                                {pd product} {ergonomic}
    uintx NonProfiledCodeHeapSize                  = 122909434                              {pd product} {ergonomic}
    uintx ProfiledCodeHeapSize                     = 122909434                              {pd product} {ergonomic}
    uintx ReservedCodeCacheSize                    = 251658240                              {pd product} {ergonomic}
     bool SegmentedCodeCache                       = true                                      {product} {ergonomic}
   size_t SoftMaxHeapSize                          = 1012924416                             {manageable} {ergonomic}
     bool UseCompressedClassPointers               = true                           {product lp64_product} {ergonomic}
     bool UseCompressedOops                        = true                           {product lp64_product} {ergonomic}
     bool UseG1GC                                  = true                                      {product} {ergonomic}
     bool UseLargePagesIndividualAllocation        = false                                  {pd product} {ergonomic}

Logging:
Log output configuration:
 #0: stdout all=warning uptime,level,tags foldmultilines=false
 #1: stderr all=off uptime,level,tags foldmultilines=false

Environment Variables:
PATH=C:\Program Files\Common Files\Oracle\Java\javapath;C:\Python3.9\Scripts\;C:\Python3.9\;C:\WINDOWS\system32;C:\WINDOWS;C:\WINDOWS\System32\Wbem;C:\WINDOWS\System32\WindowsPowerShell\v1.0\;C:\WINDOWS\System32\OpenSSH\;C:\Program Files\Git\cmd;C:\Program Files\nodejs\;C:\Program Files\dotnet\;C:\Program Files\Java\jdk-20\bin;C:\Program Files\MySQL\MySQL Shell 8.0\bin\;C:\Users\ayush\AppData\Local\Programs\Python\Python37\Scripts\;C:\Users\ayush\AppData\Local\Programs\Python\Python37\;C:\Users\ayush\AppData\Local\Microsoft\WindowsApps;C:\Program Files (x86)\mingw-w64\i686-8.1.0-posix-dwarf-rt_v6-rev0\mingw32;C:\Program Files (x86)\mingw-w64\i686-8.1.0-posix-dwarf-rt_v6-rev0\mingw32\bin;C:\Users\ayush\AppData\Local\hyper\app-3.0.2\resources\bin;C:\Users\ayush\AppData\Roaming\npm;C:\Program Files\heroku\bin;C:\Program Files\MongoDB\Server\5.0\bin;C:\Users\ayush\AppData\Local\GitHubDesktop\bin;D:\Microsoft VS Code\bin;
USERNAME=ayush
OS=Windows_NT
PROCESSOR_IDENTIFIER=Intel64 Family 6 Model 126 Stepping 5, GenuineIntel
TMP=C:\Users\ayush\AppData\Local\Temp
TEMP=C:\Users\ayush\AppData\Local\Temp




---------------  S Y S T E M  ---------------

OS:
 Windows 11 , 64 bit Build 22621 (10.0.22621.1635)
OS uptime: 0 days 3:15 hours
Hyper-V role detected

CPU: total 8 (initial active 8) (4 cores per cpu, 2 threads per core) family 6 model 126 stepping 5 microcode 0xb8, cx8, cmov, fxsr, ht, mmx, 3dnowpref, sse, sse2, sse3, ssse3, sse4.1, sse4.2, popcnt, lzcnt, tsc, tscinvbit, avx, avx2, aes, erms, clmul, bmi1, bmi2, adx, avx512f, avx512dq, avx512cd, avx512bw, avx512vl, sha, fma, vzeroupper, avx512_vpopcntdq, avx512_vpclmulqdq, avx512_vaes, avx512_vnni, clflush, clflushopt, avx512_vbmi2, avx512_vbmi, hv, rdtscp, rdpid, fsrm, gfni, avx512_bitalg, f16c, avx512_ifma

Memory: 4k page, system-wide physical 3863M (176M free)
TotalPageFile size 15639M (AvailPageFile size 5M)
current process WorkingSet (physical memory assigned to process): 10M, peak: 10M
current process commit charge ("private bytes"): 17M, peak: 18M

vm_info: Java HotSpot(TM) 64-Bit Server VM (20.0.1+9-29) for windows-amd64 JRE (20.0.1+9-29), built on 2023-03-07T13:56:11Z by "mach5one" with MS VC++ 17.1 (VS2022)

END.
